  compilation object save succeeded; see C:\Users\fuuma\OneDrive\デスクトップ\AL3kadai\Generated\Outputs\Release\TerrainPS.cso
  compilation object save succeeded; see C:\Users\fuuma\OneDrive\デスクトップ\AL3kadai\Generated\Outputs\Release\TerrainVS.cso
  compilation object save succeeded; see C:\Users\fuuma\OneDrive\デスクトップ\AL3kadai\Generated\Outputs\Release\ObjPS.cso
  compilation object save succeeded; see C:\Users\fuuma\OneDrive\デスクトップ\AL3kadai\Generated\Outputs\Release\ObjVS.cso
  compilation object save succeeded; see C:\Users\fuuma\OneDrive\デスクトップ\AL3kadai\Generated\Outputs\Release\PrimitivePS.cso
  compilation object save succeeded; see C:\Users\fuuma\OneDrive\デスクトップ\AL3kadai\Generated\Outputs\Release\PrimitiveVS.cso
  compilation object save succeeded; see C:\Users\fuuma\OneDrive\デスクトップ\AL3kadai\Generated\Outputs\Release\ShapePS.cso
  compilation object save succeeded; see C:\Users\fuuma\OneDrive\デスクトップ\AL3kadai\Generated\Outputs\Release\ShapeVS.cso
  compilation object save succeeded; see C:\Users\fuuma\OneDrive\デスクトップ\AL3kadai\Generated\Outputs\Release\SpritePS.cso
  compilation object save succeeded; see C:\Users\fuuma\OneDrive\デスクトップ\AL3kadai\Generated\Outputs\Release\SpriteVS.cso
  ImGuiManager.cpp
  AABB.cpp
  DirectXCommon.cpp
  WinApp.cpp
  CameraController.cpp
  DeathParticles.cpp
  Enemy.cpp
  main.cpp
  MapChipField.cpp
  myMath.cpp
  Player.cpp
  GameScene.cpp
  Skydome.cpp
  TitleScene.cpp
  WorldTransform (1).cpp
  コード生成しています。
  Previous IPDB not found, fall back to full compilation.
  All 1351 functions were compiled because no usable IPDB/IOBJ from previous compilation was found.
  コード生成が終了しました。
  DirectXGame.vcxproj -> C:\Users\fuuma\OneDrive\デスクトップ\AL3kadai\Generated\Outputs\Release\DirectXGame.exe
